<testsuite name="[/Users/suevalov/Development/projects/dataart/js-community/css-regression-tools/tools/phantom-flow/test-results/visuals/flows/responsive.test.js/My first responsive webpage.phantomcss] View in 990px" tests="1" failures="0">
  <testcase classname="Look at the page" name="PhantomCSS /Users/suevalov/Development/projects/dataart/js-community/css-regression-tools/tools/phantom-flow/test-results/visuals/flows/responsive.test.js/My first responsive webpage/View in 990px/Look at the page.png"></testcase>
</testsuite>