<testsuite name="[/Users/suevalov/Development/projects/dataart/js-community/css-regression-tools/tools/phantom-flow/test-results/visuals/flows/coffeemachine.test.js/Get a coffee/Wants Cappuccino/There is no milk.phantomcss] Request Espresso instead" tests="1" failures="1">
  <testcase classname="Request Espresso" name="PhantomCSS /Users/suevalov/Development/projects/dataart/js-community/css-regression-tools/tools/phantom-flow/test-results/visuals/flows/coffeemachine.test.js/Get a coffee/Wants Cappuccino/There is no milk/Request Espresso instead/Request Espresso.png">
    <failure type="fail">explicit call to fail()</failure>
  </testcase>
</testsuite>