<testsuite name="[/Users/suevalov/Development/projects/dataart/js-community/css-regression-tools/tools/phantom-flow/test-results/visuals/flows/coffeemachine.test.js/Get a coffee/Wants Cappuccino.phantomcss] There is milk" tests="1" failures="1">
  <testcase classname="Request Cappuccino" name="PhantomCSS /Users/suevalov/Development/projects/dataart/js-community/css-regression-tools/tools/phantom-flow/test-results/visuals/flows/coffeemachine.test.js/Get a coffee/Wants Cappuccino/There is milk/Request Cappuccino.png">
    <failure type="fail">explicit call to fail()</failure>
  </testcase>
</testsuite>